# JRE version: OpenJDK Runtime Environment Temurin-21.0.3+9 (21.0.3+9) (build 21.0.3+9-LTS)
# Java VM: OpenJDK 64-Bit Server VM Temurin-21.0.3+9 (21.0.3+9-LTS, mixed mode, sharing, tiered, compressed oops, compressed class ptrs, g1 gc, windows-amd64)
GC Precious Log:
 CardTable entry size: 512
 Card Set container configuration: InlinePtr #cards 5 size 8 Array Of Cards #cards 12 size 40 Howl #buckets 4 coarsen threshold 1843 Howl Bitmap #cards 512 size 80 coarsen threshold 460 Card regions per heap region 1 cards per card region 2048
 CPUs: 4 total, 4 available
 Memory: 8146M
 Large Page Support: Disabled
 NUMA Support: Disabled
 Compressed Oops: Enabled (32-bit)
 Heap Region Size: 1M
 Heap Min Capacity: 256M
 Heap Initial Capacity: 256M
 Heap Max Capacity: 512M
 Pre-touch: Disabled
 Parallel Workers: 4
 Concurrent Workers: 1
 Concurrent Refinement Workers: 4
 Periodic GC: Disabled
Heap:
 garbage-first heap   total 262144K, used 131413K [0x00000000e0000000, 0x0000000100000000)
  region size 1024K, 101 young (103424K), 9 survivors (9216K)
 Metaspace       used 47125K, committed 48768K, reserved 393216K
  class space    used 6721K, committed 7552K, reserved 327680K
GC Heap History (14 events):
Event: 0.370 GC heap before
{Heap before GC invocations=0 (full 0):
 garbage-first heap   total 262144K, used 13312K [0x00000000e0000000, 0x0000000100000000)
  region size 1024K, 13 young (13312K), 0 survivors (0K)
 Metaspace       used 792K, committed 960K, reserved 393216K
  class space    used 67K, committed 128K, reserved 327680K
}
Event: 0.373 GC heap after
{Heap after GC invocations=1 (full 0):
 garbage-first heap   total 262144K, used 1280K [0x00000000e0000000, 0x0000000100000000)
  region size 1024K, 2 young (2048K), 2 survivors (2048K)
 Metaspace       used 792K, committed 960K, reserved 393216K
  class space    used 67K, committed 128K, reserved 327680K
}
Event: 1.078 GC heap before
{Heap before GC invocations=1 (full 0):
 garbage-first heap   total 262144K, used 28928K [0x00000000e0000000, 0x0000000100000000)
  region size 1024K, 27 young (27648K), 2 survivors (2048K)
 Metaspace       used 3596K, committed 3776K, reserved 393216K
  class space    used 456K, committed 512K, reserved 327680K
}
Event: 1.082 GC heap after
{Heap after GC invocations=2 (full 0):
 garbage-first heap   total 262144K, used 10802K [0x00000000e0000000, 0x0000000100000000)
  region size 1024K, 4 young (4096K), 4 survivors (4096K)
 Metaspace       used 3596K, committed 3776K, reserved 393216K
  class space    used 456K, committed 512K, reserved 327680K
}
Event: 4.426 GC heap before
{Heap before GC invocations=2 (full 0):
 garbage-first heap   total 262144K, used 164402K [0x00000000e0000000, 0x0000000100000000)
  region size 1024K, 153 young (156672K), 4 survivors (4096K)
 Metaspace       used 20693K, committed 21312K, reserved 393216K
  class space    used 2979K, committed 3264K, reserved 327680K
}
Event: 4.442 GC heap after
{Heap after GC invocations=3 (full 0):
 garbage-first heap   total 262144K, used 23888K [0x00000000e0000000, 0x0000000100000000)
  region size 1024K, 16 young (16384K), 16 survivors (16384K)
 Metaspace       used 20693K, committed 21312K, reserved 393216K
  class space    used 2979K, committed 3264K, reserved 327680K
}
Event: 4.469 GC heap before
{Heap before GC invocations=3 (full 0):
 garbage-first heap   total 262144K, used 25936K [0x00000000e0000000, 0x0000000100000000)
  region size 1024K, 19 young (19456K), 16 survivors (16384K)
 Metaspace       used 20850K, committed 21504K, reserved 393216K
  class space    used 3006K, committed 3328K, reserved 327680K
}
Event: 4.480 GC heap after
{Heap after GC invocations=4 (full 0):
 garbage-first heap   total 262144K, used 25496K [0x00000000e0000000, 0x0000000100000000)
  region size 1024K, 2 young (2048K), 2 survivors (2048K)
 Metaspace       used 20850K, committed 21504K, reserved 393216K
  class space    used 3006K, committed 3328K, reserved 327680K
}
Event: 10.215 GC heap before
{Heap before GC invocations=5 (full 0):
 garbage-first heap   total 262144K, used 131992K [0x00000000e0000000, 0x0000000100000000)
  region size 1024K, 108 young (110592K), 2 survivors (2048K)
 Metaspace       used 34865K, committed 35968K, reserved 393216K
  class space    used 4946K, committed 5504K, reserved 327680K
}
Event: 10.223 GC heap after
{Heap after GC invocations=6 (full 0):
 garbage-first heap   total 262144K, used 32117K [0x00000000e0000000, 0x0000000100000000)
  region size 1024K, 9 young (9216K), 9 survivors (9216K)
 Metaspace       used 34865K, committed 35968K, reserved 393216K
  class space    used 4946K, committed 5504K, reserved 327680K
}
Event: 10.261 GC heap before
{Heap before GC invocations=6 (full 0):
 garbage-first heap   total 262144K, used 35189K [0x00000000e0000000, 0x0000000100000000)
  region size 1024K, 13 young (13312K), 9 survivors (9216K)
 Metaspace       used 35165K, committed 36288K, reserved 393216K
  class space    used 4988K, committed 5568K, reserved 327680K
}
Event: 10.269 GC heap after
{Heap after GC invocations=7 (full 0):
 garbage-first heap   total 262144K, used 32221K [0x00000000e0000000, 0x0000000100000000)
  region size 1024K, 9 young (9216K), 9 survivors (9216K)
 Metaspace       used 35165K, committed 36288K, reserved 393216K
  class space    used 4988K, committed 5568K, reserved 327680K
}
Event: 10.312 GC heap before
{Heap before GC invocations=7 (full 0):
 garbage-first heap   total 262144K, used 35293K [0x00000000e0000000, 0x0000000100000000)
  region size 1024K, 13 young (13312K), 9 survivors (9216K)
 Metaspace       used 35477K, committed 36608K, reserved 393216K
  class space    used 5049K, committed 5632K, reserved 327680K
}
Event: 10.318 GC heap after
{Heap after GC invocations=8 (full 0):
 garbage-first heap   total 262144K, used 32085K [0x00000000e0000000, 0x0000000100000000)
  region size 1024K, 9 young (9216K), 9 survivors (9216K)
 Metaspace       used 35477K, committed 36608K, reserved 393216K
  class space    used 5049K, committed 5632K, reserved 327680K
}

